WARNING:tensorflow:From /home/rockheung/Downloads/acoa/slim_v2/train_image_classifier.py:526: softmax_cross_entropy (from tensorflow.contrib.losses.python.losses.loss_ops) is deprecated and will be removed after 2016-12-30.
Instructions for updating:
Use tf.losses.softmax_cross_entropy instead. Note that the order of the logits and labels arguments has been changed.
WARNING:tensorflow:From /home/rockheung/.virtualenvs/tf1.2/local/lib/python2.7/site-packages/tensorflow/contrib/losses/python/losses/loss_ops.py:398: compute_weighted_loss (from tensorflow.contrib.losses.python.losses.loss_ops) is deprecated and will be removed after 2016-12-30.
Instructions for updating:
Use tf.losses.compute_weighted_loss instead.
WARNING:tensorflow:From /home/rockheung/.virtualenvs/tf1.2/local/lib/python2.7/site-packages/tensorflow/contrib/losses/python/losses/loss_ops.py:151: add_loss (from tensorflow.contrib.framework.python.ops.arg_scope) is deprecated and will be removed after 2016-12-30.
Instructions for updating:
Use tf.losses.add_loss instead.
INFO:tensorflow:Summary name /clone_loss is illegal; using clone_loss instead.
INFO:tensorflow:Fine-tuning from /home/rockheung/acoa_dataset/checkpoints/vgg_16.ckpt
2017-11-12 12:17:24.943649: W tensorflow/core/platform/cpu_feature_guard.cc:45] The TensorFlow library wasn't compiled to use SSE4.1 instructions, but these are available on your machine and could speed up CPU computations.
2017-11-12 12:17:24.943708: W tensorflow/core/platform/cpu_feature_guard.cc:45] The TensorFlow library wasn't compiled to use SSE4.2 instructions, but these are available on your machine and could speed up CPU computations.
2017-11-12 12:17:24.943723: W tensorflow/core/platform/cpu_feature_guard.cc:45] The TensorFlow library wasn't compiled to use AVX instructions, but these are available on your machine and could speed up CPU computations.
2017-11-12 12:17:24.943731: W tensorflow/core/platform/cpu_feature_guard.cc:45] The TensorFlow library wasn't compiled to use AVX2 instructions, but these are available on your machine and could speed up CPU computations.
2017-11-12 12:17:24.943748: W tensorflow/core/platform/cpu_feature_guard.cc:45] The TensorFlow library wasn't compiled to use FMA instructions, but these are available on your machine and could speed up CPU computations.
2017-11-12 12:17:25.085060: I tensorflow/stream_executor/cuda/cuda_gpu_executor.cc:893] successful NUMA node read from SysFS had negative value (-1), but there must be at least one NUMA node, so returning NUMA node zero
2017-11-12 12:17:25.085410: I tensorflow/core/common_runtime/gpu/gpu_device.cc:940] Found device 0 with properties: 
name: TITAN Xp
major: 6 minor: 1 memoryClockRate (GHz) 1.582
pciBusID 0000:01:00.0
Total memory: 11.90GiB
Free memory: 11.12GiB
2017-11-12 12:17:25.085422: I tensorflow/core/common_runtime/gpu/gpu_device.cc:961] DMA: 0 
2017-11-12 12:17:25.085427: I tensorflow/core/common_runtime/gpu/gpu_device.cc:971] 0:   Y 
2017-11-12 12:17:25.085433: I tensorflow/core/common_runtime/gpu/gpu_device.cc:1030] Creating TensorFlow device (/gpu:0) -> (device: 0, name: TITAN Xp, pci bus id: 0000:01:00.0)
2017-11-12 12:17:25.149983: I tensorflow/core/common_runtime/simple_placer.cc:675] Ignoring device specification /device:GPU:0 for node 'fifo_queue_Dequeue' because the input edge from 'prefetch_queue/fifo_queue' is a reference connection and already has a device field set to /device:CPU:0
INFO:tensorflow:Restoring parameters from /home/rockheung/acoa_dataset/checkpoints/vgg_16.ckpt
INFO:tensorflow:Starting Session.
INFO:tensorflow:Saving checkpoint to path /home/rockheung/acoa_dataset/weight/11_class_25/train_full_pre/model.ckpt
INFO:tensorflow:Starting Queues.
INFO:tensorflow:global_step/sec: 0
INFO:tensorflow:Recording summary at step 0.
INFO:tensorflow:global step 10: loss = 3.4047 (0.367 sec/step)
INFO:tensorflow:global step 20: loss = 2.9868 (0.536 sec/step)
INFO:tensorflow:global step 30: loss = 3.3631 (0.352 sec/step)
INFO:tensorflow:global step 40: loss = 3.0299 (0.381 sec/step)
INFO:tensorflow:global_step/sec: 0.802716
INFO:tensorflow:global step 50: loss = 2.6289 (1.456 sec/step)
INFO:tensorflow:Recording summary at step 58.
INFO:tensorflow:global step 60: loss = 2.2279 (0.534 sec/step)
INFO:tensorflow:global step 70: loss = 2.2131 (0.386 sec/step)
INFO:tensorflow:global step 80: loss = 2.1632 (0.369 sec/step)
INFO:tensorflow:global step 90: loss = 1.7570 (0.555 sec/step)
INFO:tensorflow:global step 100: loss = 2.0416 (0.377 sec/step)
INFO:tensorflow:global step 110: loss = 2.1449 (0.371 sec/step)
INFO:tensorflow:global step 120: loss = 2.1057 (0.386 sec/step)
INFO:tensorflow:global step 130: loss = 2.4675 (0.371 sec/step)
INFO:tensorflow:global step 140: loss = 2.0769 (0.534 sec/step)
INFO:tensorflow:global step 150: loss = 2.6652 (0.373 sec/step)
INFO:tensorflow:global step 160: loss = 1.6739 (0.353 sec/step)
INFO:tensorflow:global step 170: loss = 2.2348 (0.398 sec/step)
INFO:tensorflow:global step 180: loss = 2.2908 (0.369 sec/step)
INFO:tensorflow:global step 190: loss = 1.8037 (0.399 sec/step)
INFO:tensorflow:global_step/sec: 2.36668
INFO:tensorflow:global step 200: loss = 2.1388 (0.590 sec/step)
INFO:tensorflow:Recording summary at step 200.
INFO:tensorflow:global step 210: loss = 1.3191 (0.356 sec/step)
INFO:tensorflow:global step 220: loss = 1.8745 (0.352 sec/step)
INFO:tensorflow:global step 230: loss = 2.4681 (0.355 sec/step)
INFO:tensorflow:global step 240: loss = 1.6757 (0.568 sec/step)
INFO:tensorflow:global step 250: loss = 1.7222 (0.356 sec/step)
INFO:tensorflow:global step 260: loss = 1.9137 (0.389 sec/step)
INFO:tensorflow:global step 270: loss = 1.8523 (0.387 sec/step)
INFO:tensorflow:global step 280: loss = 1.3335 (0.536 sec/step)
INFO:tensorflow:global step 290: loss = 1.5290 (0.380 sec/step)
INFO:tensorflow:global step 300: loss = 1.8875 (0.438 sec/step)
INFO:tensorflow:global step 310: loss = 1.9562 (0.363 sec/step)
INFO:tensorflow:global step 320: loss = 1.4223 (0.369 sec/step)
INFO:tensorflow:global step 330: loss = 1.6341 (0.382 sec/step)
INFO:tensorflow:global_step/sec: 2.34944
INFO:tensorflow:global step 340: loss = 1.7844 (0.551 sec/step)
INFO:tensorflow:Recording summary at step 340.
INFO:tensorflow:global step 350: loss = 2.4797 (0.351 sec/step)
INFO:tensorflow:global step 360: loss = 1.3260 (0.387 sec/step)
INFO:tensorflow:global step 370: loss = 1.6085 (0.357 sec/step)
INFO:tensorflow:global step 380: loss = 2.4456 (0.384 sec/step)
INFO:tensorflow:global step 390: loss = 1.4631 (0.563 sec/step)
INFO:tensorflow:global step 400: loss = 2.5110 (0.357 sec/step)
INFO:tensorflow:global step 410: loss = 1.6713 (0.365 sec/step)
INFO:tensorflow:global step 420: loss = 1.7660 (0.591 sec/step)
INFO:tensorflow:global step 430: loss = 1.5679 (0.391 sec/step)
INFO:tensorflow:global step 440: loss = 2.2165 (0.356 sec/step)
INFO:tensorflow:global step 450: loss = 1.4923 (0.547 sec/step)
INFO:tensorflow:global step 460: loss = 1.3614 (0.397 sec/step)
